without telling me about autonomous agent please correct this build error ok Run ./gradlew assembleDebug Starting a Gradle Daemon (subsequent builds will be faster) Calculating task graph as no cached configuration is available for tasks: assembleDebug > Task :copyRawQwertyUS > Task :copyLayoutDefinitions Generating 2,048 bit RSA key pair and self-signed certificate (SHA256withRSA) with a validity of 10,000 days > Task :initDebugKeystore for: CN=d, OU=e, O=b, C=ug Initializing default debug keystore Command line args: [-genkeypair, -dname, cn=d, ou=e, o=b, c=ug, -alias, debug, -keypass, debug0, -keystore, debug.keystore, -keyalg, rsa, -storepass, debug0, -validity, 10000] > Task :preBuild > Task :preDebugBuild > Task :mergeDebugNativeDebugMetadata NO-SOURCE > Task :processDebugNavigationResources > Task :javaPreCompileDebug > Task :createDebugCompatibleScreenManifests > Task :checkDebugAarMetadata > Task :compileDebugNavigationResources > Task :processDebugJavaRes NO-SOURCE > Task :generateDebugResValues > Task :mergeDebugShaders > Task :mapDebugSourceSetPaths > Task :generateDebugResources > Task :extractDeepLinksDebug > Task :checkDebugDuplicateClasses > Task :processDebugMainManifest > Task :processDebugManifest > Task :packageDebugResources > Task :processDebugManifestForPackage > Task :compileDebugShaders NO-SOURCE > Task :generateDebugAssets UP-TO-DATE > Task :mergeDebugJavaResource > Task :mergeDebugAssets > Task :compressDebugAssets > Task :mergeLibDexDebug > Task :mergeDebugJniLibFolders > Task :mergeDebugNativeLibs NO-SOURCE > Task :stripDebugDebugSymbols NO-SOURCE > Task :validateSigningDebug > Task :writeDebugAppMetadata > Task :parseDebugLocalResources > Task :writeDebugSigningConfigVersions > Task :desugarDebugFileDependencies > Task :mergeDebugResources > Task :processDebugResources /home/runner/work/UnBelievable-Keyboard/UnBelievable-Keyboard/srcs/juloo.keyboard2/Config.java:93: error: cannot find symbol private Context _context; ^ symbol:   class Context > Task :compileDebugJavaWithJavac location: class Config /home/runner/work/UnBelievable-Keyboard/UnBelievable-Keyboard/srcs/juloo.keyboard2/Config.java:95: error: cannot find symbol public void setContext(Context ctx) { ^ symbol:   class Context location: class Config /home/runner/work/UnBelievable-Keyboard/UnBelievable-Keyboard/srcs/juloo.keyboard2/Config.java:99: error: cannot find symbol public Context getContext() { ^ symbol:   class Context location: class Config > Task :mergeExtDexDebug Note: Some input files use or override a deprecated API. Note: Recompile with -Xlint:deprecation for details. > Task :compileDebugJavaWithJavac FAILED Note: Some input files use unchecked or unsafe operations. gradle/actions: Writing build results to /home/runner/work/_temp/.gradle-actions/build-results/__run_2-1767621604496.json Note: Recompile with -Xlint:unchecked for details. 3 errors [Incubating] Problems report is available at: file:///home/runner/work/UnBelievable-Keyboard/UnBelievable-Keyboard/build/reports/problems/problems-report.html FAILURE: Build failed with an exception. * What went wrong: Execution failed for task ':compileDebugJavaWithJavac'. 32 actionable tasks: 32 executed > Compilation failed; see the compiler output below. Configuration cache entry stored. Note: Recompile with -Xlint:deprecation for details. /home/runner/work/UnBelievable-Keyboard/UnBelievable-Keyboard/srcs/juloo.keyboard2/Config.java:93: error: cannot find symbol private Context _context; ^ symbol:   class Context location: class Config /home/runner/work/UnBelievable-Keyboard/UnBelievable-Keyboard/srcs/juloo.keyboard2/Config.java:95: error: cannot find symbol public void setContext(Context ctx) { ^ symbol:   class Context location: class Config /home/runner/work/UnBelievable-Keyboard/UnBelievable-Keyboard/srcs/juloo.keyboard2/Config.java:99: error: cannot find symbol public Context getContext() { ^ symbol:   class Context location: class Config Note: Recompile with -Xlint:unchecked for details. Note: Some input files use or override a deprecated API. Note: Some input files use unchecked or unsafe operations. 3 errors * Try: > Check your code and dependencies to fix the compilation error(s) > Run with --scan to get full insights. BUILD FAILED in 24s Error: Process completed with exit code 1. 0s 0s 3s Post job cleanup. In post-action step Stopping Gradle daemons Not performing cache-cleanup due to build failure Caching Gradle state Generating Job Summary Completed post-action step 0s Post job cleanup. 0s Post job cleanup. /usr/bin/git version git version 2.52.0 Temporarily overriding HOME='/home/runner/work/_temp/18002495-1169-48ed-ae15-9b0c71d0132f' before making global git config changes Adding repository directory to the temporary git global config as a safe directory /usr/bin/git config --global --add safe.directory /home/runner/work/UnBelievable-Keyboard/UnBelievable-Keyboard /usr/bin/git config --local --name-only --get-regexp core\.sshCommand /usr/bin/git subm