madrachod ,i told u see each errorr and correct it deeply Run ./gradlew assembleDebug Starting a Gradle Daemon (subsequent builds will be faster) Calculating task graph as no cached configuration is available for tasks: assembleDebug > Task :copyRawQwertyUS > Task :copyLayoutDefinitions > Task :initDebugKeystore Initializing default debug keystore Generating 2,048 bit RSA key pair and self-signed certificate (SHA256withRSA) with a validity of 10,000 days Command line args: [-genkeypair, -dname, cn=d, ou=e, o=b, c=ug, -alias, debug, -keypass, debug0, -keystore, debug.keystore, -keyalg, rsa, -storepass, debug0, -validity, 10000] > Task :preBuild > Task :preDebugBuild > Task :mergeDebugNativeDebugMetadata NO-SOURCE for: CN=d, OU=e, O=b, C=ug > Task :processDebugNavigationResources > Task :javaPreCompileDebug > Task :createDebugCompatibleScreenManifests > Task :checkDebugAarMetadata > Task :generateDebugResValues > Task :processDebugJavaRes NO-SOURCE > Task :compileDebugNavigationResources > Task :extractDeepLinksDebug > Task :generateDebugResources > Task :mergeDebugShaders > Task :mapDebugSourceSetPaths > Task :compileDebugShaders NO-SOURCE > Task :generateDebugAssets UP-TO-DATE > Task :mergeDebugAssets > Task :compressDebugAssets > Task :processDebugMainManifest > Task :processDebugManifest > Task :packageDebugResources > Task :processDebugManifestForPackage > Task :mergeDebugJavaResource > Task :checkDebugDuplicateClasses > Task :mergeLibDexDebug > Task :mergeDebugJniLibFolders > Task :mergeDebugNativeLibs NO-SOURCE > Task :stripDebugDebugSymbols NO-SOURCE > Task :validateSigningDebug > Task :writeDebugAppMetadata > Task :writeDebugSigningConfigVersions > Task :parseDebugLocalResources > Task :mergeDebugResources > Task :desugarDebugFileDependencies > Task :processDebugResources > Task :compileDebugJavaWithJavac /home/runner/work/UnBelievable-Keyboard/UnBelievable-Keyboard/srcs/juloo.keyboard2/Config.java:93: error: cannot find symbol private Context _context; ^ symbol:   class Context location: class Config /home/runner/work/UnBelievable-Keyboard/UnBelievable-Keyboard/srcs/juloo.keyboard2/Config.java:95: error: cannot find symbol public void setContext(Context ctx) { ^ symbol:   class Context location: class Config /home/runner/work/UnBelievable-Keyboard/UnBelievable-Keyboard/srcs/juloo.keyboard2/Config.java:99: error: cannot find symbol public Context getContext() { ^ symbol:   class Context location: class Config Note: Some input files use or override a deprecated API. Note: Recompile with -Xlint:deprecation for details. Note: Some input files use unchecked or unsafe operations. Note: Recompile with -Xlint:unchecked for details. 3 errors > Task :compileDebugJavaWithJavac FAILED > Task :mergeExtDexDebug FAILURE: Build failed with an exception. gradle/actions: Writing build results to /home/runner/work/_temp/.gradle-actions/build-results/__run_2-1767622032939.json [Incubating] Problems report is available at: file:///home/runner/work/UnBelievable-Keyboard/UnBelievable-Keyboard/build/reports/problems/problems-report.html 32 actionable tasks: 32 executed * What went wrong: Execution failed for task ':compileDebugJavaWithJavac'. > Compilation failed; see the compiler output below. Note: Recompile with -Xlint:deprecation for details. /home/runner/work/UnBelievable-Keyboard/UnBelievable-Keyboard/srcs/juloo.keyboard2/Config.java:93: error: cannot find symbol private Context _context; ^ symbol:   class Context location: class Config /home/runner/work/UnBelievable-Keyboard/UnBelievable-Keyboard/srcs/juloo.keyboard2/Config.java:95: error: cannot find symbol public void setContext(Context ctx) { ^ symbol:   class Context location: class Config /home/runner/work/UnBelievable-Keyboard/UnBelievable-Keyboard/srcs/juloo.keyboard2/Config.java:99: error: cannot find symbol public Context getContext() { ^ symbol:   class Context location: class Config Note: Recompile with -Xlint:unchecked for details. Note: Some input files use or override a deprecated API. Note: Some input files use unchecked or unsafe operations. 3 errors * Try: > Check your code and dependencies to fix the compilation error(s) > Run with --scan to get full insights. BUILD FAILED in 20s Configuration cache entry stored. Error: Process completed with exit code 1.